Wed Nov 02 09:37:40 2022: Tranmission Stopped by User
Wed Nov 02 09:38:11 2022: Pulse High
Wed Nov 02 09:38:14 2022: Pulse High
Wed Nov 02 09:38:18 2022: Pulse Low
Wed Nov 02 09:38:20 2022: Pulse High
Wed Nov 02 09:38:27 2022: Pulse High
Wed Nov 02 09:38:30 2022: Pulse Low
Wed Nov 02 09:38:38 2022: Pulse High
Wed Nov 02 09:38:49 2022: Pulse High
Wed Nov 02 09:38:51 2022: Pulse Low
Wed Nov 02 09:39:32 2022: Pulse High
Wed Nov 02 09:40:13 2022: Pulse High
Wed Nov 02 09:40:15 2022: Pulse High
Wed Nov 02 09:40:25 2022: Pulse Low
Wed Nov 02 09:40:26 2022: Pulse High
Wed Nov 02 09:40:41 2022: Pulse High
Wed Nov 02 09:40:55 2022: Pulse High
Wed Nov 02 09:41:00 2022: Pulse High
Wed Nov 02 09:41:08 2022: Pulse High
Wed Nov 02 09:41:11 2022: Pulse High
Wed Nov 02 09:41:17 2022: Pulse High
Wed Nov 02 09:41:21 2022: Pulse High
Wed Nov 02 09:41:27 2022: Pulse High
Wed Nov 02 09:41:31 2022: Pulse High
Wed Nov 02 09:41:44 2022: Pulse Low
Wed Nov 02 09:41:45 2022: Pulse High
Wed Nov 02 09:42:19 2022: Pulse High
Wed Nov 02 09:42:23 2022: Pulse High
Wed Nov 02 09:42:30 2022: Data Saved
Wed Nov 02 09:42:40 2022: Pulse High
Wed Nov 02 09:42:44 2022: Pulse High
Wed Nov 02 09:42:45 2022: Pulse Low
Wed Nov 02 09:43:22 2022: Pulse High
Wed Nov 02 09:43:22 2022: Tranmission Stopped by User
Wed Nov 02 09:43:37 2022: Tranmission Unstable
Wed Nov 02 10:03:01 2022: Exiting
